{"meta": {"version": "7.3.2", "timestamp": "2025-12-01T12:39:50.036231", "branch_coverage": false, "show_contexts": false}, "files": {"src\\config.py": {"executed_lines": [1, 5, 6, 9, 10, 11, 12, 15, 16, 17, 23, 24, 25, 26, 29, 30, 31, 34, 35, 36, 39, 40, 43, 44, 45, 48, 49, 50, 53, 54, 55, 58, 59], "summary": {"covered_lines": 32, "num_statements": 32, "percent_covered": 100.0, "percent_covered_display": "100", "missing_lines": 0, "excluded_lines": 0}, "missing_lines": [], "excluded_lines": []}, "src\\dashboard.py": {"executed_lines": [], "summary": {"covered_lines": 0, "num_statements": 28, "percent_covered": 0.0, "percent_covered_display": "0", "missing_lines": 28, "excluded_lines": 0}, "missing_lines": [9, 10, 11, 13, 14, 17, 18, 24, 25, 26, 29, 35, 36, 37, 38, 40, 43, 46, 47, 50, 59, 60, 62, 65, 66, 67, 68, 69], "excluded_lines": []}, "src\\dashboard_improved.py": {"executed_lines": [1, 10, 11, 12, 13, 14, 15, 16, 17, 18, 21, 22, 24, 29, 32, 37, 40, 41, 46, 47, 53, 54, 61, 73, 74, 88, 90, 91, 93, 94, 95, 98, 99, 101, 102, 103, 104, 105, 110, 111, 112, 120, 121, 127, 135, 138, 143, 146, 149, 156, 166, 167, 177, 178, 186, 188, 189, 191, 192, 195, 196, 198, 199, 200, 201, 204, 212, 215, 220, 221, 224, 227, 228, 237, 238, 239, 241, 243, 258, 259, 261, 262, 268, 269, 271, 277, 283, 284, 288, 289, 292, 295, 297, 298, 299, 301, 328, 329, 331, 332, 335, 336, 338, 344, 345, 354], "summary": {"covered_lines": 105, "num_statements": 129, "percent_covered": 81.3953488372093, "percent_covered_display": "81", "missing_lines": 24, "excluded_lines": 0}, "missing_lines": [43, 65, 66, 67, 113, 114, 139, 140, 169, 170, 171, 216, 217, 250, 251, 252, 285, 290, 347, 348, 355, 356, 357, 359], "excluded_lines": []}, "src\\data_service.py": {"executed_lines": [], "summary": {"covered_lines": 0, "num_statements": 43, "percent_covered": 0.0, "percent_covered_display": "0", "missing_lines": 43, "excluded_lines": 0}, "missing_lines": [9, 10, 11, 12, 15, 18, 19, 20, 22, 27, 30, 31, 33, 34, 35, 36, 37, 39, 41, 46, 49, 54, 57, 58, 59, 60, 61, 68, 70, 72, 73, 75, 77, 78, 81, 83, 86, 87, 88, 90, 91, 94, 95], "excluded_lines": []}, "src\\data_service_improved.py": {"executed_lines": [1, 10, 11, 12, 13, 14, 15, 16, 19, 20, 22, 23, 24, 25, 26, 27, 28, 30, 35, 38, 39, 40, 41, 44, 45, 48, 49, 51, 53, 58, 59, 61, 63, 64, 65, 66, 67, 68, 69, 70, 72, 74, 76, 83, 91, 92, 93, 95, 96, 97, 98, 99, 102, 103, 104, 105, 113, 115, 121, 122, 124, 125, 127, 144, 146, 147, 148, 149, 151, 153, 155, 156, 157, 158, 160, 162, 164, 165, 166, 167, 168, 178, 180, 182, 183, 184, 186, 188, 189, 191, 198, 200, 201, 202, 203, 204, 205, 215, 217, 219, 226, 227, 229, 231, 234, 235, 237, 239, 241, 242, 243, 244, 246, 249, 283], "summary": {"covered_lines": 113, "num_statements": 136, "percent_covered": 83.08823529411765, "percent_covered_display": "83", "missing_lines": 23, "excluded_lines": 0}, "missing_lines": [173, 212, 213, 232, 251, 254, 255, 256, 259, 260, 261, 264, 265, 266, 267, 268, 271, 272, 275, 276, 277, 280, 284], "excluded_lines": []}, "src\\models.py": {"executed_lines": [1, 4, 5, 6, 9, 10, 11, 12, 13, 14, 15, 16, 18, 29, 30, 31, 32, 33, 34, 35, 37, 38, 39, 40, 41, 43, 48, 50, 58, 59, 60, 61, 62, 64], "summary": {"covered_lines": 30, "num_statements": 33, "percent_covered": 90.9090909090909, "percent_covered_display": "91", "missing_lines": 3, "excluded_lines": 0}, "missing_lines": [20, 45, 66], "excluded_lines": []}}, "totals": {"covered_lines": 280, "num_statements": 401, "percent_covered": 69.82543640897755, "percent_covered_display": "70", "missing_lines": 121, "excluded_lines": 0}}